<?xml version="1.0" encoding="UTF-8"?>
<testsuite name="com.shutl.controller.QuoteControllerFunctionalTest" tests="2" skipped="0" failures="0" errors="0" timestamp="2021-10-11T14:37:28" hostname="DESKTOP-DG3E0AS" time="0.172">
  <properties/>
  <testcase name="testBasicService" classname="com.shutl.controller.QuoteControllerFunctionalTest" time="0.163"/>
  <testcase name="testVariablePricingByDistance" classname="com.shutl.controller.QuoteControllerFunctionalTest" time="0.008"/>
  <system-out><![CDATA[15:37:26.043 [Test worker] DEBUG o.s.t.c.j.SpringJUnit4ClassRunner - SpringJUnit4ClassRunner constructor called with [class com.shutl.controller.QuoteControllerFunctionalTest]
15:37:26.053 [Test worker] DEBUG o.s.test.context.BootstrapUtils - Instantiating CacheAwareContextLoaderDelegate from class [org.springframework.test.context.cache.DefaultCacheAwareContextLoaderDelegate]
15:37:26.058 [Test worker] DEBUG o.s.test.context.BootstrapUtils - Instantiating BootstrapContext using constructor [public org.springframework.test.context.support.DefaultBootstrapContext(java.lang.Class,org.springframework.test.context.CacheAwareContextLoaderDelegate)]
15:37:26.071 [Test worker] DEBUG o.s.test.context.BootstrapUtils - Instantiating TestContextBootstrapper for test class [com.shutl.controller.QuoteControllerFunctionalTest] from class [org.springframework.test.context.web.WebTestContextBootstrapper]
15:37:26.092 [Test worker] DEBUG o.s.t.c.w.WebTestContextBootstrapper - Found explicit ContextLoader class [org.springframework.boot.test.SpringApplicationContextLoader] for context configuration attributes [ContextConfigurationAttributes@76380b37 declaringClass = 'com.shutl.controller.QuoteControllerFunctionalTest', classes = '{class com.shutl.Application}', locations = '{}', inheritLocations = true, initializers = '{}', inheritInitializers = true, name = [null], contextLoaderClass = 'org.springframework.boot.test.SpringApplicationContextLoader']
15:37:26.098 [Test worker] DEBUG o.s.t.c.s.AbstractContextLoader - Did not detect default resource location for test class [com.shutl.controller.QuoteControllerFunctionalTest]: class path resource [com/shutl/controller/QuoteControllerFunctionalTest-context.xml] does not exist
15:37:26.099 [Test worker] DEBUG o.s.t.c.s.AbstractContextLoader - Did not detect default resource location for test class [com.shutl.controller.QuoteControllerFunctionalTest]: class path resource [com/shutl/controller/QuoteControllerFunctionalTestContext.groovy] does not exist
15:37:26.099 [Test worker] INFO  o.s.t.c.s.AbstractContextLoader - Could not detect default resource locations for test class [com.shutl.controller.QuoteControllerFunctionalTest]: no resource found for suffixes {-context.xml, Context.groovy}.
15:37:26.102 [Test worker] DEBUG o.s.t.c.support.ActiveProfilesUtils - Could not find an 'annotation declaring class' for annotation type [org.springframework.test.context.ActiveProfiles] and class [com.shutl.controller.QuoteControllerFunctionalTest]
15:37:26.105 [Test worker] DEBUG o.s.t.c.w.WebTestContextBootstrapper - @TestExecutionListeners is not present for class [com.shutl.controller.QuoteControllerFunctionalTest]: using defaults.
15:37:26.114 [Test worker] INFO  o.s.t.c.w.WebTestContextBootstrapper - Loaded default TestExecutionListener class names from location [META-INF/spring.factories]: [org.springframework.test.context.web.ServletTestExecutionListener, org.springframework.test.context.support.DirtiesContextBeforeModesTestExecutionListener, org.springframework.test.context.support.DependencyInjectionTestExecutionListener, org.springframework.test.context.support.DirtiesContextTestExecutionListener, org.springframework.test.context.transaction.TransactionalTestExecutionListener, org.springframework.test.context.jdbc.SqlScriptsTestExecutionListener]
15:37:26.119 [Test worker] INFO  o.s.t.c.w.WebTestContextBootstrapper - Could not instantiate TestExecutionListener [org.springframework.test.context.jdbc.SqlScriptsTestExecutionListener]. Specify custom listener classes or make the default listener classes (and their required dependencies) available. Offending class: [org/springframework/transaction/interceptor/TransactionAttribute]
15:37:26.124 [Test worker] INFO  o.s.t.c.w.WebTestContextBootstrapper - Could not instantiate TestExecutionListener [org.springframework.test.context.transaction.TransactionalTestExecutionListener]. Specify custom listener classes or make the default listener classes (and their required dependencies) available. Offending class: [org/springframework/transaction/interceptor/TransactionAttributeSource]
15:37:26.125 [Test worker] INFO  o.s.t.c.w.WebTestContextBootstrapper - Using TestExecutionListeners: [org.springframework.test.context.web.ServletTestExecutionListener@1e9e60c4, org.springframework.test.context.support.DirtiesContextBeforeModesTestExecutionListener@ada76b0, org.springframework.test.context.support.DependencyInjectionTestExecutionListener@7130686b, org.springframework.test.context.support.DirtiesContextTestExecutionListener@6a0d3e1e]
15:37:26.130 [Test worker] DEBUG o.s.t.annotation.ProfileValueUtils - Retrieved @ProfileValueSourceConfiguration [null] for test class [com.shutl.controller.QuoteControllerFunctionalTest]
15:37:26.130 [Test worker] DEBUG o.s.t.annotation.ProfileValueUtils - Retrieved ProfileValueSource type [class org.springframework.test.annotation.SystemProfileValueSource] for class [com.shutl.controller.QuoteControllerFunctionalTest]
15:37:26.132 [Test worker] DEBUG o.s.t.annotation.ProfileValueUtils - Retrieved @ProfileValueSourceConfiguration [null] for test class [com.shutl.controller.QuoteControllerFunctionalTest]
15:37:26.132 [Test worker] DEBUG o.s.t.annotation.ProfileValueUtils - Retrieved ProfileValueSource type [class org.springframework.test.annotation.SystemProfileValueSource] for class [com.shutl.controller.QuoteControllerFunctionalTest]
15:37:26.136 [Test worker] DEBUG o.s.t.c.s.AbstractDirtiesContextTestExecutionListener - Before test class: context [DefaultTestContext@37340329 testClass = QuoteControllerFunctionalTest, testInstance = [null], testMethod = [null], testException = [null], mergedContextConfiguration = [WebMergedContextConfiguration@7c14209d testClass = QuoteControllerFunctionalTest, locations = '{}', classes = '{class com.shutl.Application}', contextInitializerClasses = '[]', activeProfiles = '{}', propertySourceLocations = '{}', propertySourceProperties = '{}', resourceBasePath = 'src/main/webapp', contextLoader = 'org.springframework.boot.test.SpringApplicationContextLoader', parent = [null]]], class annotated with @DirtiesContext [false] with mode [null].
15:37:26.137 [Test worker] DEBUG o.s.t.annotation.ProfileValueUtils - Retrieved @ProfileValueSourceConfiguration [null] for test class [com.shutl.controller.QuoteControllerFunctionalTest]
15:37:26.138 [Test worker] DEBUG o.s.t.annotation.ProfileValueUtils - Retrieved ProfileValueSource type [class org.springframework.test.annotation.SystemProfileValueSource] for class [com.shutl.controller.QuoteControllerFunctionalTest]
15:37:26.367 [Test worker] DEBUG o.s.core.env.StandardEnvironment - Adding [systemProperties] PropertySource with lowest search precedence
15:37:26.370 [Test worker] DEBUG o.s.core.env.StandardEnvironment - Adding [systemEnvironment] PropertySource with lowest search precedence
15:37:26.370 [Test worker] DEBUG o.s.core.env.StandardEnvironment - Initialized StandardEnvironment with PropertySources [systemProperties,systemEnvironment]
15:37:26.372 [Test worker] DEBUG o.s.core.env.StandardEnvironment - Adding [integrationTest] PropertySource with search precedence immediately lower than [systemEnvironment]

  .   ____          _            __ _ _
 /\\ / ___'_ __ _ _(_)_ __  __ _ \ \ \ \
( ( )\___ | '_ | '_| | '_ \/ _` | \ \ \ \
 \\/  ___)| |_)| | | | | || (_| |  ) ) ) )
  '  |____| .__|_| |_|_| |_\__, | / / / /
 =========|_|==============|___/=/_/_/_/
 :: Spring Boot ::        (v1.3.3.RELEASE)

2021-10-11 15:37:26.653  INFO 5328 --- [    Test worker] c.s.c.QuoteControllerFunctionalTest      : Starting QuoteControllerFunctionalTest on DESKTOP-DG3E0AS with PID 5328 (C:\Users\david\Documents\take_home_exercise_intern\build\classes\java\test started by david in C:\Users\david\Documents\take_home_exercise_intern)
2021-10-11 15:37:26.654  INFO 5328 --- [    Test worker] c.s.c.QuoteControllerFunctionalTest      : No active profile set, falling back to default profiles: default
2021-10-11 15:37:26.733  INFO 5328 --- [    Test worker] o.s.w.c.s.GenericWebApplicationContext   : Refreshing org.springframework.web.context.support.GenericWebApplicationContext@7efcf387: startup date [Mon Oct 11 15:37:26 BST 2021]; root of context hierarchy
2021-10-11 15:37:27.393  INFO 5328 --- [    Test worker] o.s.b.f.s.DefaultListableBeanFactory     : Overriding bean definition for bean 'beanNameViewResolver' with a different definition: replacing [Root bean: class [null]; scope=; abstract=false; lazyInit=false; autowireMode=3; dependencyCheck=0; autowireCandidate=true; primary=false; factoryBeanName=org.springframework.boot.autoconfigure.web.ErrorMvcAutoConfiguration$WhitelabelErrorViewConfiguration; factoryMethodName=beanNameViewResolver; initMethodName=null; destroyMethodName=(inferred); defined in class path resource [org/springframework/boot/autoconfigure/web/ErrorMvcAutoConfiguration$WhitelabelErrorViewConfiguration.class]] with [Root bean: class [null]; scope=; abstract=false; lazyInit=false; autowireMode=3; dependencyCheck=0; autowireCandidate=true; primary=false; factoryBeanName=org.springframework.boot.autoconfigure.web.WebMvcAutoConfiguration$WebMvcAutoConfigurationAdapter; factoryMethodName=beanNameViewResolver; initMethodName=null; destroyMethodName=(inferred); defined in class path resource [org/springframework/boot/autoconfigure/web/WebMvcAutoConfiguration$WebMvcAutoConfigurationAdapter.class]]
2021-10-11 15:37:28.323  INFO 5328 --- [    Test worker] s.w.s.m.m.a.RequestMappingHandlerAdapter : Looking for @ControllerAdvice: org.springframework.web.context.support.GenericWebApplicationContext@7efcf387: startup date [Mon Oct 11 15:37:26 BST 2021]; root of context hierarchy
2021-10-11 15:37:28.403  INFO 5328 --- [    Test worker] s.w.s.m.m.a.RequestMappingHandlerMapping : Mapped "{[/quote],methods=[POST]}" onto public com.shutl.model.Quote com.shutl.controller.QuoteController.quote(com.shutl.model.Quote)
2021-10-11 15:37:28.405  INFO 5328 --- [    Test worker] s.w.s.m.m.a.RequestMappingHandlerMapping : Mapped "{[/error]}" onto public org.springframework.http.ResponseEntity<java.util.Map<java.lang.String, java.lang.Object>> org.springframework.boot.autoconfigure.web.BasicErrorController.error(javax.servlet.http.HttpServletRequest)
2021-10-11 15:37:28.406  INFO 5328 --- [    Test worker] s.w.s.m.m.a.RequestMappingHandlerMapping : Mapped "{[/error],produces=[text/html]}" onto public org.springframework.web.servlet.ModelAndView org.springframework.boot.autoconfigure.web.BasicErrorController.errorHtml(javax.servlet.http.HttpServletRequest,javax.servlet.http.HttpServletResponse)
2021-10-11 15:37:28.438  INFO 5328 --- [    Test worker] o.s.w.s.handler.SimpleUrlHandlerMapping  : Mapped URL path [/webjars/**] onto handler of type [class org.springframework.web.servlet.resource.ResourceHttpRequestHandler]
2021-10-11 15:37:28.438  INFO 5328 --- [    Test worker] o.s.w.s.handler.SimpleUrlHandlerMapping  : Mapped URL path [/**] onto handler of type [class org.springframework.web.servlet.resource.ResourceHttpRequestHandler]
2021-10-11 15:37:28.476  INFO 5328 --- [    Test worker] o.s.w.s.handler.SimpleUrlHandlerMapping  : Mapped URL path [/**/favicon.ico] onto handler of type [class org.springframework.web.servlet.resource.ResourceHttpRequestHandler]
2021-10-11 15:37:28.606  INFO 5328 --- [    Test worker] c.s.c.QuoteControllerFunctionalTest      : Started QuoteControllerFunctionalTest in 2.224 seconds (JVM running for 3.725)
2021-10-11 15:37:28.630  INFO 5328 --- [    Test worker] o.s.b.test.SpringBootMockServletContext  : Initializing Spring FrameworkServlet ''
2021-10-11 15:37:28.630  INFO 5328 --- [    Test worker] o.s.t.web.servlet.TestDispatcherServlet  : FrameworkServlet '': initialization started
2021-10-11 15:37:28.641  INFO 5328 --- [    Test worker] o.s.t.web.servlet.TestDispatcherServlet  : FrameworkServlet '': initialization completed in 11 ms
2021-10-11 15:37:28.788  INFO 5328 --- [    Test worker] o.s.b.test.SpringBootMockServletContext  : Initializing Spring FrameworkServlet ''
2021-10-11 15:37:28.788  INFO 5328 --- [    Test worker] o.s.t.web.servlet.TestDispatcherServlet  : FrameworkServlet '': initialization started
2021-10-11 15:37:28.789  INFO 5328 --- [    Test worker] o.s.t.web.servlet.TestDispatcherServlet  : FrameworkServlet '': initialization completed in 1 ms
]]></system-out>
  <system-err><![CDATA[]]></system-err>
</testsuite>
